<?xml version="1.0" encoding="UTF-8"?>
<!-- Generated by org.testng.reporters.JUnitXMLReporter -->
<testsuite ignored="0" hostname="DESKTOP-Q2RM1HI" failures="0" tests="3" name="Test" time="104.685" errors="0" timestamp="2021-12-30T10:15:31 IST">
  <testcase classname="seleniumGridExamples.HRMEdgeExample" name="openTest" time="41.808"/>
  <testcase classname="seleniumGridExamples.HRMSeleniumGridChrome" name="openTest" time="5.797"/>
  <testcase classname="seleniumGridExamples.HRMFirefox" name="openTest" time="41.638"/>
</testsuite> <!-- Test -->
